Build started 03/06/2015 12:21:25 CH.
     1>Project "C:\Users\B gaming\Documents\Visual Studio 2010\Projects\C++ project\2048\2048\2048.vcxproj" on node 2 (build target(s)).
     1>InitializeBuildStatus:
         Touching "Debug\2048.unsuccessfulbuild".
       ClCompile:
         C:\Program Files\Microsoft Visual Studio 10.0\VC\bin\CL.exe /c /ZI /nologo /W3 /WX- /Od /Oy- /D WIN32 /D _DEBUG /D _CONSOLE /D _UNICODE /D UNICODE /Gm /EHsc /RTC1 /MDd /GS /fp:precise /Zc:wchar_t /Zc:forScope /Fo"Debug\\" /Fd"Debug\vc100.pdb" /Gd /TP /analyze- /errorReport:prompt 2048_main.cpp __controlCenter.cpp
         __controlCenter.cpp
         2048_main.cpp
         Generating Code...
       ManifestResourceCompile:
         All outputs are up-to-date.
       Link:
         C:\Program Files\Microsoft Visual Studio 10.0\VC\bin\link.exe /ERRORREPORT:PROMPT /OUT:"C:\Users\B gaming\Documents\Visual Studio 2010\Projects\C++ project\2048\Debug\2048.exe" /INCREMENTAL /NOLOGO kernel32.lib user32.lib gdi32.lib winspool.lib comdlg32.lib advapi32.lib shell32.lib ole32.lib oleaut32.lib uuid.lib odbc32.lib odbccp32.lib /MANIFEST /ManifestFile:"Debug\2048.exe.intermediate.manifest" /MANIFESTUAC:"level='asInvoker' uiAccess='false'" /DEBUG /PDB:"C:\Users\B gaming\Documents\Visual Studio 2010\Projects\C++ project\2048\Debug\2048.pdb" /SUBSYSTEM:CONSOLE /TLBID:1 /DYNAMICBASE /NXCOMPAT /IMPLIB:"C:\Users\B gaming\Documents\Visual Studio 2010\Projects\C++ project\2048\Debug\2048.lib" /MACHINE:X86 Debug\2048.exe.embed.manifest.res
         Debug\2048_main.obj
         Debug\__act.obj
         Debug\__actPut.obj
         Debug\__add2_4.obj
         Debug\__checkRule.obj
         Debug\__checkTableRule.obj
         Debug\__controlCenter.obj
         Debug\__table.obj
       Manifest:
         C:\Program Files\Microsoft SDKs\Windows\v7.0A\bin\mt.exe /nologo /verbose /out:"Debug\2048.exe.embed.manifest" /manifest Debug\2048.exe.intermediate.manifest
         All outputs are up-to-date.
       LinkEmbedManifest:
         All outputs are up-to-date.
         2048.vcxproj -> C:\Users\B gaming\Documents\Visual Studio 2010\Projects\C++ project\2048\Debug\2048.exe
       FinalizeBuildStatus:
         Deleting file "Debug\2048.unsuccessfulbuild".
         Touching "Debug\2048.lastbuildstate".
     1>Done Building Project "C:\Users\B gaming\Documents\Visual Studio 2010\Projects\C++ project\2048\2048\2048.vcxproj" (build target(s)).

Build succeeded.

Time Elapsed 00:00:03.55
